
=================================================== keil-build-viewer v1.6 ==================================================
 
[Search keil project] 1 item(s)
	e:\workdir\zym_new\general-switcher\USER\QHF.uvprojx

[User input] 
[Current folder] e:\workdir\zym_new\general-switcher\USER
[Encoding] 936
[Keil project path] e:\workdir\zym_new\general-switcher\USER\QHF.uvprojx
[Keil project name] QHF.uvprojx
[Is keil v4] 0
[target name] ValveX2
[target name] O_901
[target name] O_906
[target name] O_909
[target name] A_901
[target name] A_906
[target name] A_909
[target name] B_901
[target name] B_906
[target name] C_901
[final target name] C_901

[Device] STM32F103C8
[Target name] 
[Output name] QHF
[Output path] ..\OBJ\
[Listing path] ..\LIST\
[Is has pack] 1
[Is enbale LTO] 0
[Is has user library] 1
[Is custom scatter file] 0

[QHF.uvprojx]  [C_901]  [STM32F103C8]  [LTO disable]
 
[memory info]
[name] IRAM [base addr] 0x20000000 [size] 0x00005000 [type] 1 [off-chip] 0 [is pack] 1 [ID] 2 
[name] IROM [base addr] 0x08000000 [size] 0x00010000 [type] 2 [off-chip] 0 [is pack] 1 [ID] 3 


[map file path] e:\workdir\zym_new\general-switcher\LIST\QHF.map

[region info]
[load region] LR_IROM1
	[execution region] ER_IROM1, 0x08000000, 0x00010000, 0x0000634C [memory type] 2 [memory ID] 3

	[execution region] RW_IRAM1, 0x20000000, 0x00005000, 0x00001628 [memory type] 1 [memory ID] 2
		[ZI block] addr: 0x2000037C, size: 0x000012AC (4780)


[object name max length] 22
[object path max length] 57

[object in map file]
[object name] delay.o                 [path] ..\SRC\SYSTEM\delay\delay.c
[object name] eep24serial.o           [path] ..\SRC\HARDWARE\EEPROM\EEP24Serial.c
[object name] main.o                  [path] ..\SRC\APP\main.c
[object name] modbus.o                [path] ..\SRC\HARDWARE\Modbus\modbus.c
[object name] modbuscrc16.o           [path] ..\SRC\HARDWARE\Modbus\ModBusCrc16.c
[object name] motor.o                 [path] ..\SRC\HARDWARE\motor\motor.c
[object name] startup_stm32f10x_md.o  [path] ..\SRC\CMSIS\DeviceSupport\StartUp\startup_stm32f10x_md.s
[object name] sys.o                   [path] ..\SRC\SYSTEM\sys\sys.c
[object name] timer.o                 [path] ..\SRC\SYSTEM\timer\timer.c
[object name] usart.o                 [path] ..\SRC\SYSTEM\usart\usart.c
[object name] usfunc.o                [path] ..\SRC\HARDWARE\usinterface\usFunc.c
[object name] smotor.o                [path] (null)
[object name] Smotor.lib              [path] ..\SRC\HARDWARE\motor\Smotor.lib
[object name] USINTF_CR.lib           [path] ..\SRC\HARDWARE\usinterface\USINTF_CR.lib

[file path in keil project]
[old name] startup_stm32f10x_md.s  [type] 1   [path] ..\SRC\CMSIS\DeviceSupport\StartUp\startup_stm32f10x_md.s
[old name] main.c                  [type] 1   [path] ..\SRC\APP\main.c
[old name] stmflash.c              [type] 1   [path] ..\SRC\HARDWARE\stmFlash\stmflash.c
[old name] motor.c                 [type] 1   [path] ..\SRC\HARDWARE\motor\motor.c
[old name] usFunc.c                [type] 1   [path] ..\SRC\HARDWARE\usinterface\usFunc.c
[old name] Smotor.lib              [type] 3   [path] ..\SRC\HARDWARE\motor\Smotor.lib
[old name] USINTF_CR.lib           [type] 3   [path] ..\SRC\HARDWARE\usinterface\USINTF_CR.lib
[old name] EEP24Serial.c           [type] 1   [path] ..\SRC\HARDWARE\EEPROM\EEP24Serial.c
[old name] modbus.c                [type] 1   [path] ..\SRC\HARDWARE\Modbus\modbus.c
[old name] ModBusCrc16.c           [type] 1   [path] ..\SRC\HARDWARE\Modbus\ModBusCrc16.c
[old name] delay.c                 [type] 1   [path] ..\SRC\SYSTEM\delay\delay.c
[old name] sys.c                   [type] 1   [path] ..\SRC\SYSTEM\sys\sys.c
[old name] timer.c                 [type] 1   [path] ..\SRC\SYSTEM\timer\timer.c
[old name] usart.c                 [type] 1   [path] ..\SRC\SYSTEM\usart\usart.c

[record region info]
[load region] LR_IROM1
	[execution region] ER_IROM1, 0x08000000, 0x00010000, 0x00006348 [type] 2 [ID] 3
	[execution region] RW_IRAM1, 0x20000000, 0x00005000, 0x00001628 [type] 1 [ID] 2
---------------------------------------------------------------------------------------------------------------------
                            FILE(s)                           |         RAM (byte)       |       FLASH (byte)       |
---------------------------------------------------------------------------------------------------------------------
..\SRC\SYSTEM\delay\delay.c():                                |           4              |         128              |
..\SRC\HARDWARE\EEPROM\EEP24Serial.c():                       |           0              |        1262              |
..\SRC\APP\main.c():                                          |          33              |        2731              |
..\SRC\HARDWARE\Modbus\modbus.c():                            |         796              |        2344              |
..\SRC\HARDWARE\Modbus\ModBusCrc16.c():                       |           0              |         568              |
..\SRC\HARDWARE\motor\motor.c():                              |          81              |        1994              |
..\SRC\CMSIS\DeviceSupport\StartUp\startup_stm32f10x_md.s():  |        1536              |         300              |
..\SRC\SYSTEM\sys\sys.c():                                    |           0              |         474              |
..\SRC\SYSTEM\timer\timer.c():                                |          17              |         501              |
..\SRC\SYSTEM\usart\usart.c():                                |           8              |         852              |
..\SRC\HARDWARE\usinterface\usFunc.c():                       |         800              |        6373              |
..\SRC\HARDWARE\motor\Smotor.lib():                           |         485              |        2569              |
..\SRC\HARDWARE\usinterface\USINTF_CR.lib():                  |        1808              |        1416              |
---------------------------------------------------------------------------------------------------------------------
[memory print mode]: 0
LR_IROM1
        RAM 1             [0x20000000 | 0x00005000 (20480)]
                [zi start] 2   [zi end] 13
                RW_IRAM1  [0x20000000]|ˇöˇöˇőˇőˇőˇőˇőˇőˇőˇőˇőˇőˇő_____________________________________| (   5.5 KB /  20.0 KB )  27.7%  
 
        FLASH 1           [0x08000000 | 0x00010000 (65536)]
                ER_IROM1  [0x08000000]|ˇöˇöˇöˇöˇöˇöˇöˇöˇöˇöˇöˇöˇöˇöˇöˇöˇöˇöˇö_______________________________| (  24.8 KB /  64.0 KB )  38.8%  [+4]
 
[htm file path] e:\workdir\zym_new\general-switcher\OBJ\QHF.htm
Maximum Stack Usage =        236 bytes + Unknown(Functions without stacksize, Cycles, Untraceable Function Pointers)
 
=============================================================================================================================

run time: 0.070 s
